2016-03-11 12:54:22 INFO  Scenario_Login:21 - Executing the Test case GB_01 Order id is  1.0
2016-03-11 14:26:57 INFO  BaseClass:78 - Successfully initialized the browser
2016-03-11 14:26:57 INFO  Scenario_Login:21 - Executing the Test case GB_01 Order id is  1.0
2016-03-11 14:27:04 INFO  Scenario_Login:33 - Passed as Expected msg is matching with Actual msg
2016-03-11 14:27:04 INFO  BaseClass:78 - Successfully initialized the browser
2016-03-11 14:27:04 INFO  Scenario_Login:21 - Executing the Test case GB_01 Order id is  1.0
2016-03-11 14:27:06 INFO  BaseClass:88 - Successfully closed the Browser
2016-03-11 14:27:11 INFO  Scenario_Login:33 - Passed as Expected msg is matching with Actual msg
2016-03-11 14:27:12 INFO  BaseClass:88 - Successfully closed the Browser
2016-03-11 14:27:16 INFO  BaseClass:78 - Successfully initialized the browser
2016-03-11 14:27:16 INFO  Scenario_Booksearch:41 - Executing the Test case GB_11 Order id is  1.0
2016-03-11 14:27:18 INFO  Scenario_Booksearch:49 - Passed as Exp msg7Actual msg  was 7
2016-03-11 14:27:19 INFO  BaseClass:88 - Successfully closed the Browser
2016-03-11 14:27:19 INFO  BaseClass:88 - Successfully closed the Browser
2016-03-11 14:27:24 INFO  BaseClass:78 - Successfully initialized the browser
2016-03-11 14:27:24 INFO  Scenario_Booksearch:41 - Executing the Test case GB_11 Order id is  1.0
2016-03-11 14:27:25 INFO  Scenario_Booksearch:49 - Passed as Exp msg7Actual msg  was 7
2016-03-11 14:27:26 INFO  BaseClass:88 - Successfully closed the Browser
2016-03-11 14:27:26 INFO  BaseClass:88 - Successfully closed the Browser
2016-03-11 14:28:28 INFO  BaseClass:78 - Successfully initialized the browser
2016-03-11 14:28:28 INFO  Scenario_Login:21 - Executing the Test case GB_01 Order id is  1.0
2016-03-11 14:28:33 INFO  BaseClass:78 - Successfully initialized the browser
2016-03-11 14:28:33 INFO  Scenario_Login:21 - Executing the Test case GB_01 Order id is  1.0
2016-03-11 14:28:35 INFO  Scenario_Login:33 - Passed as Expected msg is matching with Actual msg
2016-03-11 14:28:37 INFO  BaseClass:88 - Successfully closed the Browser
2016-03-11 14:28:38 INFO  Scenario_Login:33 - Passed as Expected msg is matching with Actual msg
2016-03-11 14:28:40 INFO  BaseClass:88 - Successfully closed the Browser
2016-03-11 14:28:44 INFO  BaseClass:78 - Successfully initialized the browser
2016-03-11 14:28:44 INFO  Scenario_Booksearch:41 - Executing the Test case GB_11 Order id is  1.0
2016-03-11 14:28:46 INFO  Scenario_Booksearch:49 - Passed as Exp msg7Actual msg  was 7
2016-03-11 14:28:47 INFO  BaseClass:88 - Successfully closed the Browser
2016-03-11 14:28:47 INFO  BaseClass:88 - Successfully closed the Browser
2016-03-11 14:28:55 INFO  BaseClass:78 - Successfully initialized the browser
2016-03-11 14:28:55 INFO  Scenario_Booksearch:41 - Executing the Test case GB_11 Order id is  1.0
2016-03-11 14:28:57 INFO  Scenario_Booksearch:49 - Passed as Exp msg7Actual msg  was 7
2016-03-11 14:28:58 INFO  BaseClass:88 - Successfully closed the Browser
2016-03-11 14:28:58 INFO  BaseClass:88 - Successfully closed the Browser
2016-03-11 14:29:02 INFO  BaseClass:78 - Successfully initialized the browser
2016-03-11 14:29:02 INFO  Scenario_Login:21 - Executing the Test case GB_01 Order id is  1.0
2016-03-11 14:29:22 INFO  BaseClass:88 - Successfully closed the Browser
2016-03-11 14:29:26 INFO  BaseClass:78 - Successfully initialized the browser
2016-03-11 14:29:26 INFO  Scenario_Booksearch:41 - Executing the Test case GB_11 Order id is  1.0
2016-03-11 14:29:28 INFO  Scenario_Booksearch:49 - Passed as Exp msg7Actual msg  was 7
2016-03-11 14:29:29 INFO  BaseClass:88 - Successfully closed the Browser
2016-03-11 14:29:29 INFO  BaseClass:88 - Successfully closed the Browser
2016-03-11 15:23:49 INFO  BaseClass:78 - Successfully initialized the browser
2016-03-11 15:23:49 INFO  Scenario_Login:21 - Executing the Test case GB_01 Order id is  1.0
2016-03-11 15:23:49 INFO  BaseClass:78 - Successfully initialized the browser
2016-03-11 15:23:49 INFO  Scenario_Login:21 - Executing the Test case GB_01 Order id is  1.0
2016-03-11 15:23:53 INFO  BaseClass:78 - Successfully initialized the browser
2016-03-11 15:23:53 INFO  Scenario_Login:21 - Executing the Test case GB_01 Order id is  1.0
2016-03-11 15:23:56 INFO  Scenario_Login:33 - Passed as Expected msg is matching with Actual msg
2016-03-11 15:23:57 INFO  BaseClass:88 - Successfully closed the Browser
2016-03-11 15:23:58 INFO  BaseClass:88 - Successfully closed the Browser
2016-03-11 15:23:59 INFO  Scenario_Login:33 - Passed as Expected msg is matching with Actual msg
2016-03-11 15:24:04 INFO  BaseClass:88 - Successfully closed the Browser
2016-03-11 15:24:06 INFO  BaseClass:78 - Successfully initialized the browser
2016-03-11 15:24:06 INFO  Scenario_Booksearch:41 - Executing the Test case GB_11 Order id is  1.0
2016-03-11 15:24:07 INFO  BaseClass:78 - Successfully initialized the browser
2016-03-11 15:24:07 INFO  Scenario_Booksearch:41 - Executing the Test case GB_11 Order id is  1.0
2016-03-11 15:24:10 INFO  Scenario_Booksearch:49 - Passed as Exp msg7Actual msg  was 7
2016-03-11 15:24:11 INFO  BaseClass:88 - Successfully closed the Browser
2016-03-11 15:24:11 INFO  BaseClass:88 - Successfully closed the Browser
2016-03-11 15:24:12 INFO  Scenario_Booksearch:54 - Failed as Exp ms was 7 Actual msg is  
2016-03-11 15:24:13 INFO  BaseClass:88 - Successfully closed the Browser
2016-03-11 15:24:13 INFO  BaseClass:88 - Successfully closed the Browser
2016-03-11 15:24:19 INFO  BaseClass:78 - Successfully initialized the browser
2016-03-11 15:24:19 INFO  Scenario_Booksearch:41 - Executing the Test case GB_11 Order id is  1.0
2016-03-11 15:24:21 INFO  Scenario_Booksearch:49 - Passed as Exp msg7Actual msg  was 7
2016-03-11 15:24:22 INFO  BaseClass:88 - Successfully closed the Browser
2016-03-11 15:24:22 INFO  BaseClass:88 - Successfully closed the Browser
2016-03-11 15:58:42 INFO  BaseClass:78 - Successfully initialized the browser
2016-03-11 15:58:43 INFO  Scenario_Login:21 - Executing the Test case GB_01 Order id is  1.0
2016-03-11 15:58:47 INFO  Scenario_Login:33 - Passed as Expected msg is matching with Actual msg
2016-03-11 15:58:50 INFO  BaseClass:88 - Successfully closed the Browser
2016-03-11 15:58:53 INFO  BaseClass:78 - Successfully initialized the browser
2016-03-11 15:58:53 INFO  Scenario_Login:21 - Executing the Test case GB_01 Order id is  1.0
2016-03-11 15:58:56 INFO  BaseClass:78 - Successfully initialized the browser
2016-03-11 15:58:56 INFO  Scenario_Booksearch:41 - Executing the Test case GB_11 Order id is  1.0
2016-03-11 15:58:58 INFO  Scenario_Login:33 - Passed as Expected msg is matching with Actual msg
2016-03-11 15:58:58 INFO  BaseClass:88 - Successfully closed the Browser
2016-03-11 15:59:09 INFO  BaseClass:78 - Successfully initialized the browser
2016-03-11 15:59:09 INFO  Scenario_Booksearch:41 - Executing the Test case GB_11 Order id is  1.0
2016-03-11 15:59:10 INFO  Scenario_Booksearch:49 - Passed as Exp msg7Actual msg  was 7
2016-03-11 15:59:11 INFO  BaseClass:88 - Successfully closed the Browser
2016-03-11 15:59:11 INFO  BaseClass:88 - Successfully closed the Browser
2016-03-11 15:59:17 INFO  BaseClass:78 - Successfully initialized the browser
2016-03-11 15:59:17 INFO  Scenario_Login:21 - Executing the Test case GB_01 Order id is  1.0
2016-03-11 15:59:18 INFO  BaseClass:88 - Successfully closed the Browser
2016-03-11 15:59:36 INFO  BaseClass:88 - Successfully closed the Browser
2016-03-11 15:59:39 INFO  BaseClass:78 - Successfully initialized the browser
2016-03-11 15:59:39 INFO  Scenario_Booksearch:41 - Executing the Test case GB_11 Order id is  1.0
2016-03-11 15:59:41 INFO  Scenario_Booksearch:49 - Passed as Exp msg7Actual msg  was 7
2016-03-11 15:59:42 INFO  BaseClass:88 - Successfully closed the Browser
2016-03-11 15:59:42 INFO  BaseClass:88 - Successfully closed the Browser
2016-03-11 16:34:53 INFO  Scenario_Login:21 - Executing the Test case GB_01 Order id is  1.0
2016-03-11 16:34:53 INFO  Scenario_Booksearch:41 - Executing the Test case GB_11 Order id is  1.0
2016-03-11 16:35:03 INFO  Scenario_Login:21 - Executing the Test case GB_01 Order id is  1.0
2016-03-11 16:35:03 INFO  Scenario_Booksearch:41 - Executing the Test case GB_11 Order id is  1.0
2016-03-11 16:38:48 INFO  Scenario_Login:21 - Executing the Test case GB_01 Order id is  1.0
2016-03-11 16:38:48 INFO  Scenario_Booksearch:41 - Executing the Test case GB_11 Order id is  1.0
2016-03-11 16:43:45 INFO  Scenario_Login:21 - Executing the Test case GB_01 Order id is  1.0
2016-03-11 16:43:45 INFO  Scenario_Booksearch:41 - Executing the Test case GB_11 Order id is  1.0
2016-03-11 16:53:44 INFO  Scenario_Login:? - Executing the Test case GB_01 Order id is  1.0
2016-03-11 16:53:44 INFO  Scenario_Booksearch:? - Executing the Test case GB_11 Order id is  1.0
2016-03-11 16:55:07 INFO  Scenario_Login:21 - Executing the Test case GB_01 Order id is  1.0
2016-03-11 16:55:17 INFO  BaseClass:78 - Successfully initialized the browser
2016-03-11 16:55:21 INFO  Scenario_Login:33 - Passed as Expected msg is matching with Actual msg
2016-03-11 16:55:22 INFO  BaseClass:88 - Successfully closed the Browser
2016-03-11 16:55:22 INFO  Scenario_Booksearch:41 - Executing the Test case GB_11 Order id is  1.0
2016-03-11 16:55:32 INFO  BaseClass:78 - Successfully initialized the browser
2016-03-11 16:55:33 INFO  Scenario_Booksearch:49 - Passed as Exp msg7Actual msg  was 7
2016-03-11 16:55:34 INFO  BaseClass:88 - Successfully closed the Browser
2016-03-11 16:56:04 INFO  Scenario_Login:? - Executing the Test case GB_01 Order id is  1.0
2016-03-11 16:56:05 INFO  Scenario_Booksearch:? - Executing the Test case GB_11 Order id is  1.0
2016-03-11 17:01:38 INFO  Scenario_Login:? - Executing the Test case GB_01 Order id is  1.0
2016-03-11 17:01:39 INFO  Scenario_Booksearch:? - Executing the Test case GB_11 Order id is  1.0
2016-03-11 17:14:44 INFO  Scenario_Login:? - Executing the Test case GB_01 Order id is  1.0
2016-03-11 17:14:45 INFO  Scenario_Booksearch:? - Executing the Test case GB_11 Order id is  1.0
2016-03-11 17:26:58 INFO  Scenario_Login:? - Executing the Test case GB_01 Order id is  1.0
2016-03-11 17:26:59 INFO  Scenario_Booksearch:? - Executing the Test case GB_11 Order id is  1.0
2016-03-11 18:01:12 INFO  Scenario_Login:21 - Executing the Test case GB_01 Order id is  1.0
2016-03-11 18:02:23 INFO  Scenario_Login:? - Executing the Test case GB_01 Order id is  1.0
2016-03-11 18:02:24 INFO  Scenario_Booksearch:? - Executing the Test case GB_11 Order id is  1.0
2016-03-11 18:03:07 INFO  Scenario_Login:? - Executing the Test case GB_01 Order id is  1.0
2016-03-11 18:03:08 INFO  Scenario_Booksearch:? - Executing the Test case GB_11 Order id is  1.0
2016-03-11 18:19:07 INFO  Scenario_Login:21 - Executing the Test case GB_01 Order id is  1.0
2016-03-11 18:19:17 INFO  BaseClass:78 - Successfully initialized the browser
